Using pre-set license
Built from '2020.2/release' branch; Version is '2020.2.0f1 (3721df5a8b28) revision 3613151'; Using compiler version '192528614'; Build Type 'Release'
OS: 'Windows 10  (10.0.0) 64bit' Language: 'en' Physical Memory: 16293 MB
BatchMode: 1, IsHumanControllingUs: 0, StartBugReporterOnCrash: 0, Is64bit: 1, IsPro: 0

 COMMAND LINE ARGUMENTS:
C:\Program Files\Unity\Editor\Unity.exe
-adb2
-batchMode
-noUpm
-name
AssetImportWorker0
-projectPath
C:/Users/Demon/OneDrive/Documents/GitHub/GAME3002_A2/LiamBlake_GAME3002_A2
-logFile
Logs/AssetImportWorker0.log
-srvPort
51103
Successfully changed project path to: C:/Users/Demon/OneDrive/Documents/GitHub/GAME3002_A2/LiamBlake_GAME3002_A2
C:/Users/Demon/OneDrive/Documents/GitHub/GAME3002_A2/LiamBlake_GAME3002_A2
Using Asset Import Pipeline V2.
Refreshing native plugins compatible for Editor in 27.64 ms, found 0 plugins.
Preloading 0 native plugins for Editor in 0.00 ms.
Initialize engine version: 2020.2.0f1 (3721df5a8b28)
[Subsystems] Discovering subsystems at path C:/Program Files/Unity/Editor/Data/Resources/UnitySubsystems
[Subsystems] Discovering subsystems at path C:/Users/Demon/OneDrive/Documents/GitHub/GAME3002_A2/LiamBlake_GAME3002_A2/Assets
GfxDevice: creating device client; threaded=0
Direct3D:
    Version:  Direct3D 11.0 [level 11.1]
    Renderer: NVIDIA GeForce RTX 2070 SUPER (ID=0x1e84)
    Vendor:   
    VRAM:     8011 MB
    Driver:   27.21.14.6172
Initialize mono
Mono path[0] = 'C:/Program Files/Unity/Editor/Data/Managed'
Mono path[1] = 'C:/Program Files/Unity/Editor/Data/MonoBleedingEdge/lib/mono/unityjit'
Mono config path = 'C:/Program Files/Unity/Editor/Data/MonoBleedingEdge/etc'
Using monoOptions --debugger-agent=transport=dt_socket,embedding=1,server=y,suspend=n,address=127.0.0.1:56148
Begin MonoManager ReloadAssembly
Registering precompiled unity dll's ...
Register platform support module: C:/Program Files/Unity/Editor/Data/PlaybackEngines/WindowsStandaloneSupport/UnityEditor.WindowsStandalone.Extensions.dll
Registered in 0.001836 seconds.
Native extension for WindowsStandalone target not found
Refreshing native plugins compatible for Editor in 26.06 ms, found 0 plugins.
Preloading 0 native plugins for Editor in 0.00 ms.
Invoked RoslynAnalysisRunner static constructor.
RoslynAnalysisRunner will not be running.
RoslynAnalysisRunner has terminated.
Mono: successfully reloaded assembly
- Completed reload, in  1.051 seconds
Platform modules already initialized, skipping
Registering precompiled user dll's ...
Registered in 0.000731 seconds.
Begin MonoManager ReloadAssembly
Native extension for WindowsStandalone target not found
Refreshing native plugins compatible for Editor in 0.19 ms, found 0 plugins.
Preloading 0 native plugins for Editor in 0.00 ms.
Invoked RoslynAnalysisRunner static constructor.
RoslynAnalysisRunner will not be running.
RoslynAnalysisRunner has terminated.
Mono: successfully reloaded assembly
- Completed reload, in  0.814 seconds
Platform modules already initialized, skipping
========================================================================
Worker process is ready to serve import requests
Launched and connected shader compiler UnityShaderCompiler.exe after 0.03 seconds
Refreshing native plugins compatible for Editor in 0.23 ms, found 0 plugins.
Preloading 0 native plugins for Editor in 0.00 ms.
Unloading 1097 Unused Serialized files (Serialized files now loaded: 0)
System memory in use before: 68.8 MB.
System memory in use after: 68.9 MB.

Unloading 9 unused Assets to reduce memory usage. Loaded Objects now: 1556.
Total: 1.603700 ms (FindLiveObjects: 0.115600 ms CreateObjectMapping: 0.034300 ms MarkObjects: 1.401900 ms  DeleteObjects: 0.050900 ms)

========================================================================
Received Import Request.
  path: Assets/Materials/PlungerMat.mat
  artifactKey: Guid(a0589f28ebb566b43b392eb162d5e509) Importer(815301076,1909f56bfc062723c751e8b465ee728b)
Start importing Assets/Materials/PlungerMat.mat using Guid(a0589f28ebb566b43b392eb162d5e509) Importer(815301076,1909f56bfc062723c751e8b465ee728b)  -> (artifact id: '79a996e574dfad0ff3a8dc5d98a6a38b') in 0.106571 seconds
  Import took 0.108312 seconds .

========================================================================
Received Import Request.
  Time since last request: 32.623169 seconds.
  path: Assets/Materials/TintedGlass.mat
  artifactKey: Guid(ed87b3d34110a2544913c7a577f8cc51) Importer(815301076,1909f56bfc062723c751e8b465ee728b)
Start importing Assets/Materials/TintedGlass.mat using Guid(ed87b3d34110a2544913c7a577f8cc51) Importer(815301076,1909f56bfc062723c751e8b465ee728b)  -> (artifact id: '6b6159908a56fe244ef89cdb6237a660') in 0.012648 seconds
  Import took 0.014941 seconds .

========================================================================
Received Import Request.
  Time since last request: 123.857654 seconds.
  path: Assets/Materials/TintedGlass.mat
  artifactKey: Guid(ed87b3d34110a2544913c7a577f8cc51) Importer(815301076,1909f56bfc062723c751e8b465ee728b)
Start importing Assets/Materials/TintedGlass.mat using Guid(ed87b3d34110a2544913c7a577f8cc51) Importer(815301076,1909f56bfc062723c751e8b465ee728b)  -> (artifact id: 'fd7edfc7cbe40447b8d769521fa39682') in 0.012303 seconds
  Import took 0.014058 seconds .

AssetImportWorkerClient::OnTransportError - code=2 error=End of file
